Debug\mau.ilk
Debug\mau.pdb
E:\WORK_STUDIO\MUSTANG_\80-MOSERVICE\MAU\PRJ_WIN32\DEBUG\APDBOPR.OBJ
E:\WORK_STUDIO\MUSTANG_\80-MOSERVICE\MAU\PRJ_WIN32\DEBUG\ASYNDBOPR.OBJ
E:\WORK_STUDIO\MUSTANG_\80-MOSERVICE\MAU\PRJ_WIN32\DEBUG\BMCLICENSE.OBJ
E:\WORK_STUDIO\MUSTANG_\80-MOSERVICE\MAU\PRJ_WIN32\DEBUG\BMCSSN.OBJ
E:\work_studio\Mustang_\80-moservice\mau\prj_win32\Debug\cl.command.1.tlog
E:\work_studio\Mustang_\80-moservice\mau\prj_win32\Debug\CL.read.1.tlog
E:\work_studio\Mustang_\80-moservice\mau\prj_win32\Debug\CL.write.1.tlog
E:\WORK_STUDIO\MUSTANG_\80-MOSERVICE\MAU\PRJ_WIN32\DEBUG\CMCMUSSN.OBJ
E:\WORK_STUDIO\MUSTANG_\80-MOSERVICE\MAU\PRJ_WIN32\DEBUG\CMMAUSSN.OBJ
E:\WORK_STUDIO\MUSTANG_\80-MOSERVICE\MAU\PRJ_WIN32\DEBUG\CMUSSN.OBJ
E:\WORK_STUDIO\MUSTANG_\80-MOSERVICE\MAU\PRJ_WIN32\DEBUG\CONFINFODBOPR.OBJ
E:\WORK_STUDIO\MUSTANG_\80-MOSERVICE\MAU\PRJ_WIN32\DEBUG\CONNMSADPSSN.OBJ
E:\WORK_STUDIO\MUSTANG_\80-MOSERVICE\MAU\PRJ_WIN32\DEBUG\DBOPR.OBJ
E:\WORK_STUDIO\MUSTANG_\80-MOSERVICE\MAU\PRJ_WIN32\DEBUG\HDUSSN.OBJ
E:\WORK_STUDIO\MUSTANG_\80-MOSERVICE\MAU\PRJ_WIN32\DEBUG\INC.OBJ
E:\WORK_STUDIO\MUSTANG_\80-MOSERVICE\MAU\PRJ_WIN32\DEBUG\INC.PCH
E:\work_studio\Mustang_\80-moservice\mau\prj_win32\Debug\link.1904.read.1.tlog
E:\work_studio\Mustang_\80-moservice\mau\prj_win32\Debug\link.1904.write.1.tlog
E:\work_studio\Mustang_\80-moservice\mau\prj_win32\Debug\link.1904-cvtres.read.1.tlog
E:\work_studio\Mustang_\80-moservice\mau\prj_win32\Debug\link.1904-cvtres.write.1.tlog
E:\work_studio\Mustang_\80-moservice\mau\prj_win32\Debug\link.command.1.tlog
E:\work_studio\Mustang_\80-moservice\mau\prj_win32\Debug\link.read.1.tlog
E:\work_studio\Mustang_\80-moservice\mau\prj_win32\Debug\link.write.1.tlog
E:\work_studio\Mustang_\80-moservice\mau\prj_win32\Debug\link-cvtres.read.1.tlog
E:\work_studio\Mustang_\80-moservice\mau\prj_win32\Debug\link-cvtres.write.1.tlog
E:\WORK_STUDIO\MUSTANG_\80-MOSERVICE\MAU\PRJ_WIN32\DEBUG\MAIN.OBJ
E:\WORK_STUDIO\MUSTANG_\80-MOSERVICE\MAU\PRJ_WIN32\DEBUG\MAU.EXE
E:\WORK_STUDIO\MUSTANG_\80-MOSERVICE\MAU\PRJ_WIN32\DEBUG\MAU.EXE.EMBED.MANIFEST
E:\WORK_STUDIO\MUSTANG_\80-MOSERVICE\MAU\PRJ_WIN32\DEBUG\MAU.EXE.EMBED.MANIFEST.RES
E:\WORK_STUDIO\MUSTANG_\80-MOSERVICE\MAU\PRJ_WIN32\DEBUG\MAU.EXE.INTERMEDIATE.MANIFEST
E:\work_studio\Mustang_\80-moservice\mau\prj_win32\Debug\mau.exp
E:\WORK_STUDIO\MUSTANG_\80-MOSERVICE\MAU\PRJ_WIN32\DEBUG\MAU.ILK
E:\work_studio\Mustang_\80-moservice\mau\prj_win32\Debug\mau.lib
E:\WORK_STUDIO\MUSTANG_\80-MOSERVICE\MAU\PRJ_WIN32\DEBUG\MAU.PDB
E:\work_studio\Mustang_\80-moservice\mau\prj_win32\Debug\mau_kdvp.write.1.tlog
E:\work_studio\Mustang_\80-moservice\mau\prj_win32\Debug\mau_manifest.rc
E:\WORK_STUDIO\MUSTANG_\80-MOSERVICE\MAU\PRJ_WIN32\DEBUG\MAUDATA.OBJ
E:\WORK_STUDIO\MUSTANG_\80-MOSERVICE\MAU\PRJ_WIN32\DEBUG\MAUTEST.OBJ
E:\WORK_STUDIO\MUSTANG_\80-MOSERVICE\MAU\PRJ_WIN32\DEBUG\MAUUTILITY.OBJ
E:\WORK_STUDIO\MUSTANG_\80-MOSERVICE\MAU\PRJ_WIN32\DEBUG\MAUVC.OBJ
E:\work_studio\Mustang_\80-moservice\mau\prj_win32\Debug\mt.command.1.tlog
E:\work_studio\Mustang_\80-moservice\mau\prj_win32\Debug\mt.read.1.tlog
E:\work_studio\Mustang_\80-moservice\mau\prj_win32\Debug\mt.write.1.tlog
E:\WORK_STUDIO\MUSTANG_\80-MOSERVICE\MAU\PRJ_WIN32\DEBUG\NPPSSN.OBJ
E:\WORK_STUDIO\MUSTANG_\80-MOSERVICE\MAU\PRJ_WIN32\DEBUG\NUSSN.OBJ
E:\work_studio\Mustang_\80-moservice\mau\prj_win32\Debug\rc.command.1.tlog
E:\work_studio\Mustang_\80-moservice\mau\prj_win32\Debug\rc.read.1.tlog
E:\work_studio\Mustang_\80-moservice\mau\prj_win32\Debug\rc.write.1.tlog
E:\WORK_STUDIO\MUSTANG_\80-MOSERVICE\MAU\PRJ_WIN32\DEBUG\REDISADAPTER.OBJ
E:\WORK_STUDIO\MUSTANG_\80-MOSERVICE\MAU\PRJ_WIN32\DEBUG\RESMGRSSN.OBJ
E:\WORK_STUDIO\MUSTANG_\80-MOSERVICE\MAU\PRJ_WIN32\DEBUG\SCHEDULEDBOPR.OBJ
E:\WORK_STUDIO\MUSTANG_\80-MOSERVICE\MAU\PRJ_WIN32\DEBUG\TEMPLATEDBOPR.OBJ
E:\WORK_STUDIO\MUSTANG_\80-MOSERVICE\MAU\PRJ_WIN32\DEBUG\UPUSSN.OBJ
E:\work_studio\Mustang_\80-moservice\mau\prj_win32\Debug\vc100.idb
E:\WORK_STUDIO\MUSTANG_\80-MOSERVICE\MAU\PRJ_WIN32\DEBUG\VC100.PDB
E:\WORK_STUDIO\MUSTANG_\80-MOSERVICE\MAU\PRJ_WIN32\DEBUG\VMEETINGDBOPR.OBJ
