生成启动时间为 2017/5/27 10:28:45。
     1>项目“E:\work_studio\Mustang_\80-moservice\librabbitmqwrap\prj_win32\prjLibRabbitmqWrapper.vcxproj”在节点 2 上(Rebuild 个目标)。
     1>ClCompile:
         D:\Program Files (x86)\Microsoft Visual Studio 10.0\VC\bin\CL.exe /c /I..\include /I"..\..\..\10-common\include\librabbitmq" /I"..\..\..\10-common\include\libevent2" /I"..\..\..\10-common\include\libevent2\event2" /I"..\..\..\10-common\include\libevent2\internal" /I"..\..\..\10-common\include\libevent2\win" /ZI /nologo /W3 /WX- /Od /Oy- /D WIN32 /D _DEBUG /D _WINDOWS /D _USRDLL /D PRJLIBRABBITMQWRAPPER_EXPORTS /D _WINDLL /D _UNICODE /D UNICODE /Gm /EHsc /RTC1 /MDd /GS /fp:precise /Zc:wchar_t /Zc:forScope /Fo"Debug\\" /Fd"Debug\vc100.pdb" /Gd /TP /analyze- /errorReport:prompt ..\src\rabbitmqwrapper.cpp
         rabbitmqwrapper.cpp
       ManifestResourceCompile:
         C:\Program Files (x86)\Microsoft SDKs\Windows\v7.0A\bin\rc.exe /nologo /fo"Debug\librabbitmqwrap.dll.embed.manifest.res" Debug\librabbitmqwrap_manifest.rc 
       Link:
         D:\Program Files (x86)\Microsoft Visual Studio 10.0\VC\bin\link.exe /ERRORREPORT:PROMPT /OUT:"E:\work_studio\Mustang_\80-moservice\mau\prj_win32\Debug\librabbitmqwrap.dll" /INCREMENTAL /NOLOGO /LIBPATH:..\debug /LIBPATH:"..\..\..\10-common\lib\debug\win32" kernel32.lib user32.lib gdi32.lib winspool.lib comdlg32.lib advapi32.lib shell32.lib ole32.lib oleaut32.lib uuid.lib odbc32.lib odbccp32.lib librabbitmq.lib libevent_core.lib kernel32.lib user32.lib gdi32.lib winspool.lib comdlg32.lib advapi32.lib shell32.lib ole32.lib oleaut32.lib uuid.lib odbc32.lib odbccp32.lib /MANIFEST /ManifestFile:"Debug\librabbitmqwrap.dll.intermediate.manifest" /MANIFESTUAC:"level='asInvoker' uiAccess='false'" /DEBUG /PDB:"E:\work_studio\Mustang_\80-moservice\mau\prj_win32\Debug\librabbitmqwrap.pdb" /SUBSYSTEM:WINDOWS /TLBID:1 /DYNAMICBASE /NXCOMPAT /IMPLIB:"E:\work_studio\Mustang_\80-moservice\mau\prj_win32\Debug\librabbitmqwrap.lib" /MACHINE:X86 /DLL Debug\librabbitmqwrap.dll.embed.manifest.res
         Debug\rabbitmqwrapper.obj
            正在创建库 E:\work_studio\Mustang_\80-moservice\mau\prj_win32\Debug\librabbitmqwrap.lib 和对象 E:\work_studio\Mustang_\80-moservice\mau\prj_win32\Debug\librabbitmqwrap.exp
       Manifest:
         C:\Program Files (x86)\Microsoft SDKs\Windows\v7.0A\bin\mt.exe /nologo /verbose /out:"Debug\librabbitmqwrap.dll.embed.manifest" /manifest Debug\librabbitmqwrap.dll.intermediate.manifest
         C:\Program Files (x86)\Microsoft SDKs\Windows\v7.0A\bin\rc.exe /nologo /fo"Debug\librabbitmqwrap.dll.embed.manifest.res" Debug\librabbitmqwrap_manifest.rc 
       LinkEmbedManifest:
         D:\Program Files (x86)\Microsoft Visual Studio 10.0\VC\bin\link.exe /ERRORREPORT:PROMPT /OUT:"E:\work_studio\Mustang_\80-moservice\mau\prj_win32\Debug\librabbitmqwrap.dll" /INCREMENTAL /NOLOGO /LIBPATH:..\debug /LIBPATH:"..\..\..\10-common\lib\debug\win32" kernel32.lib user32.lib gdi32.lib winspool.lib comdlg32.lib advapi32.lib shell32.lib ole32.lib oleaut32.lib uuid.lib odbc32.lib odbccp32.lib librabbitmq.lib libevent_core.lib kernel32.lib user32.lib gdi32.lib winspool.lib comdlg32.lib advapi32.lib shell32.lib ole32.lib oleaut32.lib uuid.lib odbc32.lib odbccp32.lib /MANIFEST /ManifestFile:"Debug\librabbitmqwrap.dll.intermediate.manifest" /MANIFESTUAC:"level='asInvoker' uiAccess='false'" /DEBUG /PDB:"E:\work_studio\Mustang_\80-moservice\mau\prj_win32\Debug\librabbitmqwrap.pdb" /SUBSYSTEM:WINDOWS /TLBID:1 /DYNAMICBASE /NXCOMPAT /IMPLIB:"E:\work_studio\Mustang_\80-moservice\mau\prj_win32\Debug\librabbitmqwrap.lib" /MACHINE:X86 /DLL Debug\librabbitmqwrap.dll.embed.manifest.res
         Debug\rabbitmqwrapper.obj
            正在创建库 E:\work_studio\Mustang_\80-moservice\mau\prj_win32\Debug\librabbitmqwrap.lib 和对象 E:\work_studio\Mustang_\80-moservice\mau\prj_win32\Debug\librabbitmqwrap.exp
         prjLibRabbitmqWrapper.vcxproj -> E:\work_studio\Mustang_\80-moservice\mau\prj_win32\Debug\librabbitmqwrap.dll
     1>已完成生成项目“E:\work_studio\Mustang_\80-moservice\librabbitmqwrap\prj_win32\prjLibRabbitmqWrapper.vcxproj”(Rebuild 个目标)的操作。

已成功生成。

已用时间 00:00:05.41
