E:\WORK_STUDIO\MUSTANG_\81-MOBOSS\APS\APS\PRJ_WIN32\DEBUG\APDB.OBJ
E:\WORK_STUDIO\MUSTANG_\81-MOBOSS\APS\APS\PRJ_WIN32\DEBUG\APSUTILITY.OBJ
E:\WORK_STUDIO\MUSTANG_\81-MOBOSS\APS\APS\PRJ_WIN32\DEBUG\BOSSUTILS.OBJ
E:\WORK_STUDIO\MUSTANG_\81-MOBOSS\APS\APS\PRJ_WIN32\DEBUG\BOSSVERSION.OBJ
E:\WORK_STUDIO\MUSTANG_\81-MOBOSS\APS\APS\PRJ_WIN32\DEBUG\CENTERCTRL.OBJ
E:\work_studio\Mustang_\81-moboss\aps\aps\prj_win32\Debug\cl.command.1.tlog
E:\work_studio\Mustang_\81-moboss\aps\aps\prj_win32\Debug\CL.read.1.tlog
E:\work_studio\Mustang_\81-moboss\aps\aps\prj_win32\Debug\CL.write.1.tlog
E:\WORK_STUDIO\MUSTANG_\81-MOBOSS\APS\APS\PRJ_WIN32\DEBUG\CONFIG.OBJ
E:\WORK_STUDIO\MUSTANG_\81-MOBOSS\APS\APS\PRJ_WIN32\DEBUG\CONSASSN.OBJ
E:\WORK_STUDIO\MUSTANG_\81-MOBOSS\APS\APS\PRJ_WIN32\DEBUG\DBOPR.OBJ
E:\WORK_STUDIO\MUSTANG_\81-MOBOSS\APS\APS\PRJ_WIN32\DEBUG\HTTPSSN.OBJ
E:\WORK_STUDIO\MUSTANG_\81-MOBOSS\APS\APS\PRJ_WIN32\DEBUG\IPDB.OBJ
E:\WORK_STUDIO\MUSTANG_\81-MOBOSS\APS\APS\PRJ_WIN32\DEBUG\MAIN.OBJ
E:\WORK_STUDIO\MUSTANG_\81-MOBOSS\APS\APS\PRJ_WIN32\DEBUG\OLD_ULCSSN.OBJ
E:\WORK_STUDIO\MUSTANG_\81-MOBOSS\APS\APS\PRJ_WIN32\DEBUG\PXYCFG.OBJ
E:\WORK_STUDIO\MUSTANG_\81-MOBOSS\APS\APS\PRJ_WIN32\DEBUG\SRVLISTMGR.OBJ
E:\WORK_STUDIO\MUSTANG_\81-MOBOSS\APS\APS\PRJ_WIN32\DEBUG\STRUCTULC.OBJ
E:\work_studio\Mustang_\81-moboss\aps\aps\prj_win32\Debug\vc100.idb
E:\WORK_STUDIO\MUSTANG_\81-MOBOSS\APS\APS\PRJ_WIN32\DEBUG\VC100.PDB
