生成启动时间为 2017/4/20 16:40:25。
     1>项目“E:\work_studio\Mustang_\81-moboss\aps\aps\prj_win32\aps.vcxproj”在节点 2 上(Build 个目标)。
     1>ClCompile:
         D:\Program Files (x86)\Microsoft Visual Studio 10.0\VC\bin\CL.exe /c /I..\include /I..\..\common\include /I..\..\..\common\include /I..\..\..\common\include\dbpool /I..\..\..\common\include\rwlock /I..\..\..\module\thirdparty\microhttpd\win\include /I..\..\..\common\include\mqmsgparse /I"..\..\..\..\10-common\include\system" /I"..\..\..\..\10-common\include\platform" /I"..\..\..\..\10-common\include\protocol" /I"..\..\..\..\10-common\include\cbb\zlib" /I"..\..\..\..\10-common\include\database" /I"..\..\..\..\10-common\include\jsoncpp" /I"..\..\..\..\10-common\include\jsonconvert" /I"..\..\..\..\10-common\include\librabbitmq" /I"..\..\..\..\10-common\include\operation" /I"..\..\..\..\10-common\include\watchdog" /I"..\..\..\..\10-common\include\sa" /I"..\..\..\..\10-common\include\connectadp" /I"..\..\..\..\10-common\include\libevent2" /I"..\..\..\..\10-common\include\libevent2\win" /ZI /nologo /W3 /WX- /Od /Oy- /D WIN32 /D _DEBUG /D _CONSOLE /D _JSON_CONVERT_ /D _MBCS /Gm /EHsc /RTC1 /MDd /GS /fp:precise /Zc:wchar_t /Zc:forScope /Fo"Debug\\" /Fd"Debug\vc100.pdb" /Gd /TP /wd4996 /analyze- /errorReport:prompt ..\source\apsutility.cpp ..\source\dbctrl.cpp ..\source\httpssn.cpp
         httpssn.cpp
     1>e:\work_studio\mustang_\81-moboss\aps\aps\include\config.h(113): warning C4309: “初始化”: 截断常量值
     1>e:\work_studio\mustang_\81-moboss\aps\aps\include\config.h(113): warning C4309: “初始化”: 截断常量值
     1>e:\work_studio\mustang_\81-moboss\aps\aps\include\config.h(113): warning C4309: “初始化”: 截断常量值
     1>e:\work_studio\mustang_\81-moboss\aps\aps\include\config.h(113): warning C4309: “初始化”: 截断常量值
     1>e:\work_studio\mustang_\81-moboss\aps\aps\include\config.h(113): warning C4309: “初始化”: 截断常量值
     1>e:\work_studio\mustang_\81-moboss\aps\aps\include\config.h(113): warning C4309: “初始化”: 截断常量值
     1>e:\work_studio\mustang_\81-moboss\aps\aps\include\config.h(113): warning C4309: “初始化”: 截断常量值
     1>e:\work_studio\mustang_\81-moboss\aps\aps\include\config.h(113): warning C4309: “初始化”: 截断常量值
     1>e:\work_studio\mustang_\81-moboss\aps\aps\include\config.h(113): warning C4309: “初始化”: 截断常量值
     1>e:\work_studio\mustang_\81-moboss\aps\aps\include\config.h(113): warning C4309: “初始化”: 截断常量值
     1>e:\work_studio\mustang_\81-moboss\aps\aps\include\config.h(113): warning C4309: “初始化”: 截断常量值
     1>e:\work_studio\mustang_\81-moboss\aps\aps\include\config.h(113): warning C4309: “初始化”: 截断常量值
     1>e:\work_studio\mustang_\81-moboss\aps\aps\include\config.h(115): warning C4309: “初始化”: 截断常量值
     1>e:\work_studio\mustang_\81-moboss\aps\aps\include\config.h(115): warning C4309: “初始化”: 截断常量值
     1>e:\work_studio\mustang_\81-moboss\aps\aps\include\config.h(115): warning C4309: “初始化”: 截断常量值
     1>e:\work_studio\mustang_\81-moboss\aps\aps\include\config.h(115): warning C4309: “初始化”: 截断常量值
     1>e:\work_studio\mustang_\81-moboss\aps\aps\include\config.h(115): warning C4309: “初始化”: 截断常量值
     1>e:\work_studio\mustang_\81-moboss\aps\aps\include\config.h(115): warning C4309: “初始化”: 截断常量值
     1>e:\work_studio\mustang_\81-moboss\aps\aps\include\config.h(115): warning C4309: “初始化”: 截断常量值
     1>e:\work_studio\mustang_\81-moboss\aps\aps\include\config.h(115): warning C4309: “初始化”: 截断常量值
     1>e:\work_studio\mustang_\81-moboss\aps\aps\include\config.h(115): warning C4309: “初始化”: 截断常量值
     1>e:\work_studio\mustang_\81-moboss\aps\aps\include\config.h(115): warning C4309: “初始化”: 截断常量值
     1>e:\work_studio\mustang_\81-moboss\aps\aps\include\config.h(115): warning C4309: “初始化”: 截断常量值
     1>e:\work_studio\mustang_\81-moboss\aps\aps\include\config.h(115): warning C4309: “初始化”: 截断常量值
     1>e:\work_studio\mustang_\81-moboss\aps\aps\include\config.h(117): warning C4309: “初始化”: 截断常量值
     1>e:\work_studio\mustang_\81-moboss\aps\aps\include\config.h(117): warning C4309: “初始化”: 截断常量值
     1>e:\work_studio\mustang_\81-moboss\aps\aps\include\config.h(117): warning C4309: “初始化”: 截断常量值
     1>e:\work_studio\mustang_\81-moboss\aps\aps\include\config.h(117): warning C4309: “初始化”: 截断常量值
     1>e:\work_studio\mustang_\81-moboss\aps\aps\include\config.h(117): warning C4309: “初始化”: 截断常量值
     1>e:\work_studio\mustang_\81-moboss\aps\aps\include\config.h(117): warning C4309: “初始化”: 截断常量值
     1>e:\work_studio\mustang_\81-moboss\aps\aps\include\config.h(117): warning C4309: “初始化”: 截断常量值
     1>e:\work_studio\mustang_\81-moboss\aps\aps\include\config.h(117): warning C4309: “初始化”: 截断常量值
     1>e:\work_studio\mustang_\81-moboss\aps\aps\include\config.h(117): warning C4309: “初始化”: 截断常量值
     1>e:\work_studio\mustang_\81-moboss\aps\aps\include\config.h(117): warning C4309: “初始化”: 截断常量值
     1>e:\work_studio\mustang_\81-moboss\aps\aps\include\config.h(117): warning C4309: “初始化”: 截断常量值
     1>e:\work_studio\mustang_\81-moboss\aps\aps\include\config.h(117): warning C4309: “初始化”: 截断常量值
     1>e:\work_studio\mustang_\81-moboss\aps\aps\include\config.h(119): warning C4309: “初始化”: 截断常量值
     1>e:\work_studio\mustang_\81-moboss\aps\aps\include\config.h(119): warning C4309: “初始化”: 截断常量值
     1>e:\work_studio\mustang_\81-moboss\aps\aps\include\config.h(119): warning C4309: “初始化”: 截断常量值
     1>e:\work_studio\mustang_\81-moboss\aps\aps\include\config.h(119): warning C4309: “初始化”: 截断常量值
     1>e:\work_studio\mustang_\81-moboss\aps\aps\include\config.h(119): warning C4309: “初始化”: 截断常量值
     1>e:\work_studio\mustang_\81-moboss\aps\aps\include\config.h(119): warning C4309: “初始化”: 截断常量值
     1>e:\work_studio\mustang_\81-moboss\aps\aps\include\config.h(119): warning C4309: “初始化”: 截断常量值
     1>e:\work_studio\mustang_\81-moboss\aps\aps\include\config.h(119): warning C4309: “初始化”: 截断常量值
     1>e:\work_studio\mustang_\81-moboss\aps\aps\include\config.h(119): warning C4309: “初始化”: 截断常量值
     1>e:\work_studio\mustang_\81-moboss\aps\aps\include\config.h(121): warning C4309: “初始化”: 截断常量值
     1>e:\work_studio\mustang_\81-moboss\aps\aps\include\config.h(121): warning C4309: “初始化”: 截断常量值
     1>e:\work_studio\mustang_\81-moboss\aps\aps\include\config.h(121): warning C4309: “初始化”: 截断常量值
     1>e:\work_studio\mustang_\81-moboss\aps\aps\include\config.h(121): warning C4309: “初始化”: 截断常量值
     1>e:\work_studio\mustang_\81-moboss\aps\aps\include\config.h(121): warning C4309: “初始化”: 截断常量值
     1>e:\work_studio\mustang_\81-moboss\aps\aps\include\config.h(121): warning C4309: “初始化”: 截断常量值
     1>e:\work_studio\mustang_\81-moboss\aps\aps\include\config.h(123): warning C4309: “初始化”: 截断常量值
     1>e:\work_studio\mustang_\81-moboss\aps\aps\include\config.h(123): warning C4309: “初始化”: 截断常量值
     1>e:\work_studio\mustang_\81-moboss\aps\aps\include\config.h(123): warning C4309: “初始化”: 截断常量值
     1>e:\work_studio\mustang_\81-moboss\aps\aps\include\config.h(123): warning C4309: “初始化”: 截断常量值
     1>e:\work_studio\mustang_\81-moboss\aps\aps\include\config.h(123): warning C4309: “初始化”: 截断常量值
     1>e:\work_studio\mustang_\81-moboss\aps\aps\include\config.h(123): warning C4309: “初始化”: 截断常量值
     1>e:\work_studio\mustang_\81-moboss\aps\aps\include\config.h(125): warning C4309: “初始化”: 截断常量值
     1>e:\work_studio\mustang_\81-moboss\aps\aps\include\config.h(125): warning C4309: “初始化”: 截断常量值
     1>e:\work_studio\mustang_\81-moboss\aps\aps\include\config.h(125): warning C4309: “初始化”: 截断常量值
     1>e:\work_studio\mustang_\81-moboss\aps\aps\include\config.h(125): warning C4309: “初始化”: 截断常量值
     1>e:\work_studio\mustang_\81-moboss\aps\aps\include\config.h(125): warning C4309: “初始化”: 截断常量值
     1>e:\work_studio\mustang_\81-moboss\aps\aps\include\config.h(125): warning C4309: “初始化”: 截断常量值
     1>e:\work_studio\mustang_\81-moboss\aps\aps\include\config.h(127): warning C4309: “初始化”: 截断常量值
     1>e:\work_studio\mustang_\81-moboss\aps\aps\include\config.h(127): warning C4309: “初始化”: 截断常量值
     1>e:\work_studio\mustang_\81-moboss\aps\aps\include\config.h(127): warning C4309: “初始化”: 截断常量值
     1>e:\work_studio\mustang_\81-moboss\aps\aps\include\config.h(127): warning C4309: “初始化”: 截断常量值
     1>e:\work_studio\mustang_\81-moboss\aps\aps\include\config.h(127): warning C4309: “初始化”: 截断常量值
     1>e:\work_studio\mustang_\81-moboss\aps\aps\include\config.h(127): warning C4309: “初始化”: 截断常量值
         dbctrl.cpp
     1>e:\work_studio\mustang_\81-moboss\aps\aps\include\config.h(113): warning C4309: “初始化”: 截断常量值
     1>e:\work_studio\mustang_\81-moboss\aps\aps\include\config.h(113): warning C4309: “初始化”: 截断常量值
     1>e:\work_studio\mustang_\81-moboss\aps\aps\include\config.h(113): warning C4309: “初始化”: 截断常量值
     1>e:\work_studio\mustang_\81-moboss\aps\aps\include\config.h(113): warning C4309: “初始化”: 截断常量值
     1>e:\work_studio\mustang_\81-moboss\aps\aps\include\config.h(113): warning C4309: “初始化”: 截断常量值
     1>e:\work_studio\mustang_\81-moboss\aps\aps\include\config.h(113): warning C4309: “初始化”: 截断常量值
     1>e:\work_studio\mustang_\81-moboss\aps\aps\include\config.h(113): warning C4309: “初始化”: 截断常量值
     1>e:\work_studio\mustang_\81-moboss\aps\aps\include\config.h(113): warning C4309: “初始化”: 截断常量值
     1>e:\work_studio\mustang_\81-moboss\aps\aps\include\config.h(113): warning C4309: “初始化”: 截断常量值
     1>e:\work_studio\mustang_\81-moboss\aps\aps\include\config.h(113): warning C4309: “初始化”: 截断常量值
     1>e:\work_studio\mustang_\81-moboss\aps\aps\include\config.h(113): warning C4309: “初始化”: 截断常量值
     1>e:\work_studio\mustang_\81-moboss\aps\aps\include\config.h(113): warning C4309: “初始化”: 截断常量值
     1>e:\work_studio\mustang_\81-moboss\aps\aps\include\config.h(115): warning C4309: “初始化”: 截断常量值
     1>e:\work_studio\mustang_\81-moboss\aps\aps\include\config.h(115): warning C4309: “初始化”: 截断常量值
     1>e:\work_studio\mustang_\81-moboss\aps\aps\include\config.h(115): warning C4309: “初始化”: 截断常量值
     1>e:\work_studio\mustang_\81-moboss\aps\aps\include\config.h(115): warning C4309: “初始化”: 截断常量值
     1>e:\work_studio\mustang_\81-moboss\aps\aps\include\config.h(115): warning C4309: “初始化”: 截断常量值
     1>e:\work_studio\mustang_\81-moboss\aps\aps\include\config.h(115): warning C4309: “初始化”: 截断常量值
     1>e:\work_studio\mustang_\81-moboss\aps\aps\include\config.h(115): warning C4309: “初始化”: 截断常量值
     1>e:\work_studio\mustang_\81-moboss\aps\aps\include\config.h(115): warning C4309: “初始化”: 截断常量值
     1>e:\work_studio\mustang_\81-moboss\aps\aps\include\config.h(115): warning C4309: “初始化”: 截断常量值
     1>e:\work_studio\mustang_\81-moboss\aps\aps\include\config.h(115): warning C4309: “初始化”: 截断常量值
     1>e:\work_studio\mustang_\81-moboss\aps\aps\include\config.h(115): warning C4309: “初始化”: 截断常量值
     1>e:\work_studio\mustang_\81-moboss\aps\aps\include\config.h(115): warning C4309: “初始化”: 截断常量值
     1>e:\work_studio\mustang_\81-moboss\aps\aps\include\config.h(117): warning C4309: “初始化”: 截断常量值
     1>e:\work_studio\mustang_\81-moboss\aps\aps\include\config.h(117): warning C4309: “初始化”: 截断常量值
     1>e:\work_studio\mustang_\81-moboss\aps\aps\include\config.h(117): warning C4309: “初始化”: 截断常量值
     1>e:\work_studio\mustang_\81-moboss\aps\aps\include\config.h(117): warning C4309: “初始化”: 截断常量值
     1>e:\work_studio\mustang_\81-moboss\aps\aps\include\config.h(117): warning C4309: “初始化”: 截断常量值
     1>e:\work_studio\mustang_\81-moboss\aps\aps\include\config.h(117): warning C4309: “初始化”: 截断常量值
     1>e:\work_studio\mustang_\81-moboss\aps\aps\include\config.h(117): warning C4309: “初始化”: 截断常量值
     1>e:\work_studio\mustang_\81-moboss\aps\aps\include\config.h(117): warning C4309: “初始化”: 截断常量值
     1>e:\work_studio\mustang_\81-moboss\aps\aps\include\config.h(117): warning C4309: “初始化”: 截断常量值
     1>e:\work_studio\mustang_\81-moboss\aps\aps\include\config.h(117): warning C4309: “初始化”: 截断常量值
     1>e:\work_studio\mustang_\81-moboss\aps\aps\include\config.h(117): warning C4309: “初始化”: 截断常量值
     1>e:\work_studio\mustang_\81-moboss\aps\aps\include\config.h(117): warning C4309: “初始化”: 截断常量值
     1>e:\work_studio\mustang_\81-moboss\aps\aps\include\config.h(119): warning C4309: “初始化”: 截断常量值
     1>e:\work_studio\mustang_\81-moboss\aps\aps\include\config.h(119): warning C4309: “初始化”: 截断常量值
     1>e:\work_studio\mustang_\81-moboss\aps\aps\include\config.h(119): warning C4309: “初始化”: 截断常量值
     1>e:\work_studio\mustang_\81-moboss\aps\aps\include\config.h(119): warning C4309: “初始化”: 截断常量值
     1>e:\work_studio\mustang_\81-moboss\aps\aps\include\config.h(119): warning C4309: “初始化”: 截断常量值
     1>e:\work_studio\mustang_\81-moboss\aps\aps\include\config.h(119): warning C4309: “初始化”: 截断常量值
     1>e:\work_studio\mustang_\81-moboss\aps\aps\include\config.h(119): warning C4309: “初始化”: 截断常量值
     1>e:\work_studio\mustang_\81-moboss\aps\aps\include\config.h(119): warning C4309: “初始化”: 截断常量值
     1>e:\work_studio\mustang_\81-moboss\aps\aps\include\config.h(119): warning C4309: “初始化”: 截断常量值
     1>e:\work_studio\mustang_\81-moboss\aps\aps\include\config.h(121): warning C4309: “初始化”: 截断常量值
     1>e:\work_studio\mustang_\81-moboss\aps\aps\include\config.h(121): warning C4309: “初始化”: 截断常量值
     1>e:\work_studio\mustang_\81-moboss\aps\aps\include\config.h(121): warning C4309: “初始化”: 截断常量值
     1>e:\work_studio\mustang_\81-moboss\aps\aps\include\config.h(121): warning C4309: “初始化”: 截断常量值
     1>e:\work_studio\mustang_\81-moboss\aps\aps\include\config.h(121): warning C4309: “初始化”: 截断常量值
     1>e:\work_studio\mustang_\81-moboss\aps\aps\include\config.h(121): warning C4309: “初始化”: 截断常量值
     1>e:\work_studio\mustang_\81-moboss\aps\aps\include\config.h(123): warning C4309: “初始化”: 截断常量值
     1>e:\work_studio\mustang_\81-moboss\aps\aps\include\config.h(123): warning C4309: “初始化”: 截断常量值
     1>e:\work_studio\mustang_\81-moboss\aps\aps\include\config.h(123): warning C4309: “初始化”: 截断常量值
     1>e:\work_studio\mustang_\81-moboss\aps\aps\include\config.h(123): warning C4309: “初始化”: 截断常量值
     1>e:\work_studio\mustang_\81-moboss\aps\aps\include\config.h(123): warning C4309: “初始化”: 截断常量值
     1>e:\work_studio\mustang_\81-moboss\aps\aps\include\config.h(123): warning C4309: “初始化”: 截断常量值
     1>e:\work_studio\mustang_\81-moboss\aps\aps\include\config.h(125): warning C4309: “初始化”: 截断常量值
     1>e:\work_studio\mustang_\81-moboss\aps\aps\include\config.h(125): warning C4309: “初始化”: 截断常量值
     1>e:\work_studio\mustang_\81-moboss\aps\aps\include\config.h(125): warning C4309: “初始化”: 截断常量值
     1>e:\work_studio\mustang_\81-moboss\aps\aps\include\config.h(125): warning C4309: “初始化”: 截断常量值
     1>e:\work_studio\mustang_\81-moboss\aps\aps\include\config.h(125): warning C4309: “初始化”: 截断常量值
     1>e:\work_studio\mustang_\81-moboss\aps\aps\include\config.h(125): warning C4309: “初始化”: 截断常量值
     1>e:\work_studio\mustang_\81-moboss\aps\aps\include\config.h(127): warning C4309: “初始化”: 截断常量值
     1>e:\work_studio\mustang_\81-moboss\aps\aps\include\config.h(127): warning C4309: “初始化”: 截断常量值
     1>e:\work_studio\mustang_\81-moboss\aps\aps\include\config.h(127): warning C4309: “初始化”: 截断常量值
     1>e:\work_studio\mustang_\81-moboss\aps\aps\include\config.h(127): warning C4309: “初始化”: 截断常量值
     1>e:\work_studio\mustang_\81-moboss\aps\aps\include\config.h(127): warning C4309: “初始化”: 截断常量值
     1>e:\work_studio\mustang_\81-moboss\aps\aps\include\config.h(127): warning C4309: “初始化”: 截断常量值
         apsutility.cpp
         正在生成代码...
       Link:
         D:\Program Files (x86)\Microsoft Visual Studio 10.0\VC\bin\link.exe /ERRORREPORT:PROMPT /OUT:"..\..\..\..\10-common\version\Debug\win32\aps\aps.exe" /INCREMENTAL /NOLOGO /LIBPATH:"..\..\..\module\thirdparty\microhttpd\libmicrohttpd-1.9.30\win\lib" /LIBPATH:"..\..\..\..\10-common\lib\debug\win32_2010" /LIBPATH:"..\..\..\..\10-common\lib\debug\win32" ospdll.lib kdvsysdll.lib readwritelock.lib dbi_vs2010.lib dbpool.lib jsoncpp.lib jsonconvert.lib mqmsgparse.lib zlibx.lib connectsa.lib connectadplib_vs2010.lib "jansson-2.5.lib" kdvlog.lib librabbitmqwrap.lib "libmicrohttpd-dll_d.lib" kernel32.lib user32.lib gdi32.lib winspool.lib comdlg32.lib advapi32.lib shell32.lib ole32.lib oleaut32.lib uuid.lib odbc32.lib odbccp32.lib /NODEFAULTLIB:LIBCMTD /MANIFEST /ManifestFile:"Debug\aps.exe.intermediate.manifest" /MANIFESTUAC:"level='asInvoker' uiAccess='false'" /DEBUG /PDB:"E:\work_studio\Mustang_\10-common\version\Debug\win32\aps\aps.pdb" /SUBSYSTEM:CONSOLE /TLBID:1 /DYNAMICBASE /NXCOMPAT /IMPLIB:"..\..\..\..\10-common\version\Debug\win32\aps\aps.lib" /MACHINE:X86 Debug\aps.exe.embed.manifest.res
         Debug\bossutils.obj
         Debug\bossversion.obj
         Debug\apdb.obj
         Debug\apsutility.obj
         Debug\centerctrl.obj
         Debug\config.obj
         Debug\consassn.obj
         Debug\dbctrl.obj
         Debug\dbopr.obj
         Debug\debugprint.obj
         Debug\httpssn.obj
         Debug\ipdb.obj
         Debug\main.obj
         Debug\old_ulcssn.obj
         Debug\pxycfg.obj
         Debug\srvlistmgr.obj
         Debug\structulc.obj
            正在创建库 ..\..\..\..\10-common\version\Debug\win32\aps\aps.lib 和对象 ..\..\..\..\10-common\version\Debug\win32\aps\aps.exp
     1>readwritelock.lib(autolock.obj) : warning LNK4099: 未找到 PDB“vc100.pdb”(使用“readwritelock.lib(autolock.obj)”或在“E:\work_studio\Mustang_\10-common\version\Debug\win32\aps\vc100.pdb”中寻找)；正在链接对象，如同没有调试信息一样
     1>readwritelock.lib(recursivelock_windows.obj) : warning LNK4099: 未找到 PDB“vc100.pdb”(使用“readwritelock.lib(recursivelock_windows.obj)”或在“E:\work_studio\Mustang_\10-common\version\Debug\win32\aps\vc100.pdb”中寻找)；正在链接对象，如同没有调试信息一样
     1>readwritelock.lib(rwlock_windows.obj) : warning LNK4099: 未找到 PDB“vc100.pdb”(使用“readwritelock.lib(rwlock_windows.obj)”或在“E:\work_studio\Mustang_\10-common\version\Debug\win32\aps\vc100.pdb”中寻找)；正在链接对象，如同没有调试信息一样
     1>dbpool.lib(basedb.obj) : warning LNK4099: 未找到 PDB“vc100.pdb”(使用“dbpool.lib(basedb.obj)”或在“E:\work_studio\Mustang_\10-common\version\Debug\win32\aps\vc100.pdb”中寻找)；正在链接对象，如同没有调试信息一样
     1>dbpool.lib(dbcallbackproc.obj) : warning LNK4099: 未找到 PDB“vc100.pdb”(使用“dbpool.lib(dbcallbackproc.obj)”或在“E:\work_studio\Mustang_\10-common\version\Debug\win32\aps\vc100.pdb”中寻找)；正在链接对象，如同没有调试信息一样
     1>dbpool.lib(dbengine.obj) : warning LNK4099: 未找到 PDB“vc100.pdb”(使用“dbpool.lib(dbengine.obj)”或在“E:\work_studio\Mustang_\10-common\version\Debug\win32\aps\vc100.pdb”中寻找)；正在链接对象，如同没有调试信息一样
     1>dbpool.lib(dbpool.obj) : warning LNK4099: 未找到 PDB“vc100.pdb”(使用“dbpool.lib(dbpool.obj)”或在“E:\work_studio\Mustang_\10-common\version\Debug\win32\aps\vc100.pdb”中寻找)；正在链接对象，如同没有调试信息一样
     1>dbpool.lib(dbpooldebug.obj) : warning LNK4099: 未找到 PDB“vc100.pdb”(使用“dbpool.lib(dbpooldebug.obj)”或在“E:\work_studio\Mustang_\10-common\version\Debug\win32\aps\vc100.pdb”中寻找)；正在链接对象，如同没有调试信息一样
     1>dbpool.lib(multidbopr.obj) : warning LNK4099: 未找到 PDB“vc100.pdb”(使用“dbpool.lib(multidbopr.obj)”或在“E:\work_studio\Mustang_\10-common\version\Debug\win32\aps\vc100.pdb”中寻找)；正在链接对象，如同没有调试信息一样
     1>dbpool.lib(sqlstring.obj) : warning LNK4099: 未找到 PDB“vc100.pdb”(使用“dbpool.lib(sqlstring.obj)”或在“E:\work_studio\Mustang_\10-common\version\Debug\win32\aps\vc100.pdb”中寻找)；正在链接对象，如同没有调试信息一样
     1>connectadplib_vs2010.lib(connectadp.obj) : warning LNK4099: 未找到 PDB“vc100.pdb”(使用“connectadplib_vs2010.lib(connectadp.obj)”或在“E:\work_studio\Mustang_\10-common\version\Debug\win32\aps\vc100.pdb”中寻找)；正在链接对象，如同没有调试信息一样
     1>connectadplib_vs2010.lib(connectadpinst.obj) : warning LNK4099: 未找到 PDB“vc100.pdb”(使用“connectadplib_vs2010.lib(connectadpinst.obj)”或在“E:\work_studio\Mustang_\10-common\version\Debug\win32\aps\vc100.pdb”中寻找)；正在链接对象，如同没有调试信息一样
     1>kdvlog.lib(kdvlog.obj) : warning LNK4099: 未找到 PDB“vc100.pdb”(使用“kdvlog.lib(kdvlog.obj)”或在“E:\work_studio\Mustang_\10-common\version\Debug\win32\aps\vc100.pdb”中寻找)；正在链接对象，如同没有调试信息一样
     1>kdvlog.lib(LogClientNet.obj) : warning LNK4099: 未找到 PDB“vc100.pdb”(使用“kdvlog.lib(LogClientNet.obj)”或在“E:\work_studio\Mustang_\10-common\version\Debug\win32\aps\vc100.pdb”中寻找)；正在链接对象，如同没有调试信息一样
     1>kdvlog.lib(LogConfigure.obj) : warning LNK4099: 未找到 PDB“vc100.pdb”(使用“kdvlog.lib(LogConfigure.obj)”或在“E:\work_studio\Mustang_\10-common\version\Debug\win32\aps\vc100.pdb”中寻找)；正在链接对象，如同没有调试信息一样
     1>kdvlog.lib(LogMgr.obj) : warning LNK4099: 未找到 PDB“vc100.pdb”(使用“kdvlog.lib(LogMgr.obj)”或在“E:\work_studio\Mustang_\10-common\version\Debug\win32\aps\vc100.pdb”中寻找)；正在链接对象，如同没有调试信息一样
     1>kdvlog.lib(LogPrint.obj) : warning LNK4099: 未找到 PDB“vc100.pdb”(使用“kdvlog.lib(LogPrint.obj)”或在“E:\work_studio\Mustang_\10-common\version\Debug\win32\aps\vc100.pdb”中寻找)；正在链接对象，如同没有调试信息一样
       Manifest:
         C:\Program Files (x86)\Microsoft SDKs\Windows\v7.0A\bin\mt.exe /nologo /verbose /out:"Debug\aps.exe.embed.manifest" /manifest Debug\aps.exe.intermediate.manifest
       LinkEmbedManifest:
         aps.vcxproj -> E:\work_studio\Mustang_\81-moboss\aps\aps\prj_win32\..\..\..\..\10-common\version\Debug\win32\aps\aps.exe
     1>已完成生成项目“E:\work_studio\Mustang_\81-moboss\aps\aps\prj_win32\aps.vcxproj”(Build 个目标)的操作。

已成功生成。

已用时间 00:00:30.05
