E:\WORK_STUDIO\MUSTANG_\80-MOSERVICE\MAU\PRJ_WIN32\DEBUG\LIBREDISWRAP.DLL
E:\work_studio\Mustang_\80-moservice\mau\prj_win32\Debug\librediswrap.exp
E:\WORK_STUDIO\MUSTANG_\80-MOSERVICE\MAU\PRJ_WIN32\DEBUG\LIBREDISWRAP.ILK
E:\work_studio\Mustang_\80-moservice\mau\prj_win32\Debug\librediswrap.lib
E:\WORK_STUDIO\MUSTANG_\80-MOSERVICE\MAU\PRJ_WIN32\DEBUG\LIBREDISWRAP.PDB
E:\work_studio\Mustang_\80-moservice\rediswrap\prj_win32\Debug\cl.command.1.tlog
E:\work_studio\Mustang_\80-moservice\rediswrap\prj_win32\Debug\CL.read.1.tlog
E:\work_studio\Mustang_\80-moservice\rediswrap\prj_win32\Debug\CL.write.1.tlog
E:\WORK_STUDIO\MUSTANG_\80-MOSERVICE\REDISWRAP\PRJ_WIN32\DEBUG\LIBREDISWRAP.DLL.EMBED.MANIFEST
E:\WORK_STUDIO\MUSTANG_\80-MOSERVICE\REDISWRAP\PRJ_WIN32\DEBUG\LIBREDISWRAP.DLL.EMBED.MANIFEST.RES
E:\WORK_STUDIO\MUSTANG_\80-MOSERVICE\REDISWRAP\PRJ_WIN32\DEBUG\LIBREDISWRAP.DLL.INTERMEDIATE.MANIFEST
E:\work_studio\Mustang_\80-moservice\rediswrap\prj_win32\Debug\librediswrap_manifest.rc
E:\work_studio\Mustang_\80-moservice\rediswrap\prj_win32\Debug\link.9036.read.1.tlog
E:\work_studio\Mustang_\80-moservice\rediswrap\prj_win32\Debug\link.9036.write.1.tlog
E:\work_studio\Mustang_\80-moservice\rediswrap\prj_win32\Debug\link.9036-cvtres.read.1.tlog
E:\work_studio\Mustang_\80-moservice\rediswrap\prj_win32\Debug\link.9036-cvtres.write.1.tlog
E:\work_studio\Mustang_\80-moservice\rediswrap\prj_win32\Debug\link.command.1.tlog
E:\work_studio\Mustang_\80-moservice\rediswrap\prj_win32\Debug\link.read.1.tlog
E:\work_studio\Mustang_\80-moservice\rediswrap\prj_win32\Debug\link.write.1.tlog
E:\work_studio\Mustang_\80-moservice\rediswrap\prj_win32\Debug\link-cvtres.read.1.tlog
E:\work_studio\Mustang_\80-moservice\rediswrap\prj_win32\Debug\link-cvtres.write.1.tlog
E:\work_studio\Mustang_\80-moservice\rediswrap\prj_win32\Debug\mt.command.1.tlog
E:\work_studio\Mustang_\80-moservice\rediswrap\prj_win32\Debug\mt.read.1.tlog
E:\work_studio\Mustang_\80-moservice\rediswrap\prj_win32\Debug\mt.write.1.tlog
E:\work_studio\Mustang_\80-moservice\rediswrap\prj_win32\Debug\rc.command.1.tlog
E:\work_studio\Mustang_\80-moservice\rediswrap\prj_win32\Debug\rc.read.1.tlog
E:\work_studio\Mustang_\80-moservice\rediswrap\prj_win32\Debug\rc.write.1.tlog
E:\WORK_STUDIO\MUSTANG_\80-MOSERVICE\REDISWRAP\PRJ_WIN32\DEBUG\REDISWRAP.OBJ
E:\work_studio\Mustang_\80-moservice\rediswrap\prj_win32\Debug\rediswrap.write.1.tlog
E:\work_studio\Mustang_\80-moservice\rediswrap\prj_win32\Debug\vc100.idb
E:\WORK_STUDIO\MUSTANG_\80-MOSERVICE\REDISWRAP\PRJ_WIN32\DEBUG\VC100.PDB
